<?xml version="1.0" encoding="UTF-8"?>
<testng-results skipped="0" failed="0" ignored="0" total="1" passed="1">
  <reporter-output>
  </reporter-output>
  <suite name="Default suite" duration-ms="70" started-at="2022-08-03T13:45:24 IST" finished-at="2022-08-03T13:45:24 IST">
    <groups>
    </groups>
    <test name="Default test" duration-ms="70" started-at="2022-08-03T13:45:24 IST" finished-at="2022-08-03T13:45:24 IST">
      <class name="com.testNG.SoftAssert">
        <test-method status="PASS" signature="demo3()[pri:0, instance:com.testNG.SoftAssert@7e2d773b]" name="demo3" duration-ms="17" started-at="2022-08-03T13:45:24 IST" finished-at="2022-08-03T13:45:24 IST">
          <reporter-output>
          </reporter-output>
        </test-method> <!-- demo3 -->
      </class> <!-- com.testNG.SoftAssert -->
    </test> <!-- Default test -->
  </suite> <!-- Default suite -->
</testng-results>
